<?xml version="1.0" encoding="UTF-8"?>
<coverage generated="1589460590546" clover="3.2.0">
  <project timestamp="1589460590547" name="All files">
    <metrics statements="176" coveredstatements="175" conditionals="131" coveredconditionals="130" methods="15" coveredmethods="14" elements="322" coveredelements="319" complexity="0" loc="176" ncloc="176" packages="1" files="3" classes="3"/>
    <file name="dessert.js" path="G:\Code\Jest\jest-just-go\src\dessert.js">
      <metrics statements="5" coveredstatements="5" conditionals="0" coveredconditionals="0" methods="2" coveredmethods="2"/>
      <line num="1" count="2" type="stmt"/>
      <line num="2" count="3" type="stmt"/>
      <line num="5" count="2" type="stmt"/>
      <line num="7" count="3" type="stmt"/>
      <line num="11" count="2" type="stmt"/>
    </file>
    <file name="dessertFactoty.js" path="G:\Code\Jest\jest-just-go\src\dessertFactoty.js">
      <metrics statements="8" coveredstatements="7" conditionals="3" coveredconditionals="2" methods="2" coveredmethods="1"/>
      <line num="1" count="1" type="stmt"/>
      <line num="3" count="1" type="stmt"/>
      <line num="6" count="1" type="stmt"/>
      <line num="7" count="2" type="cond" truecount="2" falsecount="1"/>
      <line num="9" count="1" type="stmt"/>
      <line num="11" count="1" type="stmt"/>
      <line num="13" count="0" type="stmt"/>
      <line num="17" count="1" type="stmt"/>
    </file>
    <file name="first.js" path="G:\Code\Jest\jest-just-go\src\first.js">
      <metrics statements="163" coveredstatements="163" conditionals="128" coveredconditionals="128" methods="11" coveredmethods="11"/>
      <line num="1" count="1" type="stmt"/>
      <line num="2" count="1" type="stmt"/>
      <line num="5" count="1" type="stmt"/>
      <line num="6" count="1" type="stmt"/>
      <line num="7" count="1" type="stmt"/>
      <line num="8" count="1" type="stmt"/>
      <line num="9" count="1" type="stmt"/>
      <line num="10" count="1" type="stmt"/>
      <line num="11" count="1" type="stmt"/>
      <line num="15" count="1" type="stmt"/>
      <line num="16" count="1" type="stmt"/>
      <line num="18" count="1" type="stmt"/>
      <line num="20" count="47" type="cond" truecount="5" falsecount="0"/>
      <line num="21" count="3" type="stmt"/>
      <line num="23" count="44" type="stmt"/>
      <line num="27" count="80" type="cond" truecount="6" falsecount="0"/>
      <line num="28" count="4" type="stmt"/>
      <line num="30" count="76" type="cond" truecount="6" falsecount="0"/>
      <line num="31" count="4" type="stmt"/>
      <line num="36" count="36" type="stmt"/>
      <line num="37" count="36" type="stmt"/>
      <line num="38" count="36" type="stmt"/>
      <line num="39" count="36" type="stmt"/>
      <line num="40" count="36" type="stmt"/>
      <line num="41" count="36" type="stmt"/>
      <line num="42" count="36" type="stmt"/>
      <line num="43" count="36" type="stmt"/>
      <line num="44" count="36" type="stmt"/>
      <line num="47" count="12" type="cond" truecount="2" falsecount="0"/>
      <line num="48" count="2" type="stmt"/>
      <line num="50" count="10" type="cond" truecount="2" falsecount="0"/>
      <line num="51" count="2" type="stmt"/>
      <line num="53" count="8" type="cond" truecount="2" falsecount="0"/>
      <line num="54" count="5" type="stmt"/>
      <line num="58" count="12" type="cond" truecount="2" falsecount="0"/>
      <line num="59" count="7" type="stmt"/>
      <line num="61" count="5" type="cond" truecount="2" falsecount="0"/>
      <line num="62" count="2" type="stmt"/>
      <line num="64" count="3" type="cond" truecount="2" falsecount="0"/>
      <line num="65" count="1" type="stmt"/>
      <line num="67" count="2" type="cond" truecount="2" falsecount="0"/>
      <line num="68" count="1" type="stmt"/>
      <line num="71" count="1" type="stmt"/>
      <line num="75" count="35" type="cond" truecount="4" falsecount="0"/>
      <line num="76" count="4" type="stmt"/>
      <line num="78" count="31" type="cond" truecount="4" falsecount="0"/>
      <line num="79" count="3" type="stmt"/>
      <line num="81" count="28" type="cond" truecount="4" falsecount="0"/>
      <line num="82" count="14" type="stmt"/>
      <line num="85" count="14" type="stmt"/>
      <line num="89" count="10" type="stmt"/>
      <line num="92" count="35" type="cond" truecount="2" falsecount="0"/>
      <line num="93" count="22" type="stmt"/>
      <line num="95" count="13" type="cond" truecount="2" falsecount="0"/>
      <line num="96" count="8" type="stmt"/>
      <line num="98" count="5" type="cond" truecount="2" falsecount="0"/>
      <line num="99" count="2" type="stmt"/>
      <line num="101" count="3" type="cond" truecount="2" falsecount="0"/>
      <line num="102" count="2" type="stmt"/>
      <line num="105" count="1" type="stmt"/>
      <line num="111" count="20" type="stmt"/>
      <line num="112" count="20" type="stmt"/>
      <line num="113" count="26" type="cond" truecount="5" falsecount="0"/>
      <line num="115" count="6" type="stmt"/>
      <line num="117" count="20" type="stmt"/>
      <line num="120" count="14" type="cond" truecount="2" falsecount="0"/>
      <line num="121" count="7" type="cond" truecount="2" falsecount="0"/>
      <line num="123" count="6" type="stmt"/>
      <line num="127" count="1" type="stmt"/>
      <line num="128" count="1" type="stmt"/>
      <line num="132" count="7" type="cond" truecount="2" falsecount="0"/>
      <line num="133" count="3" type="cond" truecount="2" falsecount="0"/>
      <line num="135" count="2" type="stmt"/>
      <line num="139" count="1" type="stmt"/>
      <line num="140" count="1" type="stmt"/>
      <line num="143" count="4" type="cond" truecount="2" falsecount="0"/>
      <line num="144" count="2" type="cond" truecount="2" falsecount="0"/>
      <line num="146" count="1" type="stmt"/>
      <line num="150" count="1" type="stmt"/>
      <line num="151" count="1" type="stmt"/>
      <line num="155" count="2" type="cond" truecount="2" falsecount="0"/>
      <line num="157" count="1" type="stmt"/>
      <line num="161" count="1" type="stmt"/>
      <line num="162" count="1" type="stmt"/>
      <line num="168" count="14" type="stmt"/>
      <line num="169" count="14" type="stmt"/>
      <line num="171" count="44" type="stmt"/>
      <line num="172" count="44" type="cond" truecount="2" falsecount="0"/>
      <line num="174" count="1" type="stmt"/>
      <line num="176" count="43" type="cond" truecount="2" falsecount="0"/>
      <line num="178" count="26" type="stmt"/>
      <line num="181" count="43" type="cond" truecount="2" falsecount="0"/>
      <line num="183" count="1" type="stmt"/>
      <line num="185" count="42" type="cond" truecount="2" falsecount="0"/>
      <line num="187" count="23" type="stmt"/>
      <line num="192" count="19" type="cond" truecount="2" falsecount="0"/>
      <line num="193" count="9" type="stmt"/>
      <line num="194" count="9" type="cond" truecount="2" falsecount="0"/>
      <line num="195" count="4" type="stmt"/>
      <line num="199" count="5" type="stmt"/>
      <line num="200" count="5" type="stmt"/>
      <line num="204" count="10" type="stmt"/>
      <line num="205" count="10" type="cond" truecount="2" falsecount="0"/>
      <line num="206" count="5" type="stmt"/>
      <line num="210" count="5" type="stmt"/>
      <line num="211" count="5" type="stmt"/>
      <line num="217" count="12" type="stmt"/>
      <line num="221" count="12" type="stmt"/>
      <line num="225" count="3" type="stmt"/>
      <line num="226" count="19" type="cond" truecount="2" falsecount="0"/>
      <line num="228" count="1" type="stmt"/>
      <line num="229" count="1" type="stmt"/>
      <line num="231" count="18" type="cond" truecount="2" falsecount="0"/>
      <line num="233" count="1" type="stmt"/>
      <line num="234" count="1" type="stmt"/>
      <line num="235" count="1" type="stmt"/>
      <line num="237" count="17" type="cond" truecount="2" falsecount="0"/>
      <line num="238" count="3" type="cond" truecount="2" falsecount="0"/>
      <line num="239" count="1" type="stmt"/>
      <line num="241" count="2" type="cond" truecount="2" falsecount="0"/>
      <line num="242" count="1" type="stmt"/>
      <line num="245" count="1" type="stmt"/>
      <line num="248" count="14" type="cond" truecount="2" falsecount="0"/>
      <line num="249" count="3" type="cond" truecount="2" falsecount="0"/>
      <line num="250" count="1" type="stmt"/>
      <line num="252" count="2" type="cond" truecount="2" falsecount="0"/>
      <line num="253" count="1" type="stmt"/>
      <line num="256" count="1" type="stmt"/>
      <line num="259" count="11" type="cond" truecount="2" falsecount="0"/>
      <line num="261" count="1" type="stmt"/>
      <line num="262" count="1" type="stmt"/>
      <line num="263" count="1" type="stmt"/>
      <line num="265" count="10" type="cond" truecount="2" falsecount="0"/>
      <line num="266" count="2" type="cond" truecount="2" falsecount="0"/>
      <line num="267" count="1" type="stmt"/>
      <line num="271" count="1" type="stmt"/>
      <line num="274" count="8" type="cond" truecount="2" falsecount="0"/>
      <line num="275" count="3" type="cond" truecount="2" falsecount="0"/>
      <line num="276" count="1" type="stmt"/>
      <line num="278" count="2" type="cond" truecount="2" falsecount="0"/>
      <line num="279" count="1" type="stmt"/>
      <line num="283" count="1" type="stmt"/>
      <line num="286" count="5" type="cond" truecount="2" falsecount="0"/>
      <line num="287" count="2" type="cond" truecount="2" falsecount="0"/>
      <line num="288" count="1" type="stmt"/>
      <line num="292" count="1" type="stmt"/>
      <line num="296" count="3" type="cond" truecount="2" falsecount="0"/>
      <line num="297" count="1" type="stmt"/>
      <line num="299" count="2" type="cond" truecount="2" falsecount="0"/>
      <line num="300" count="1" type="stmt"/>
      <line num="303" count="1" type="stmt"/>
      <line num="310" count="1" type="stmt"/>
      <line num="315" count="36" type="cond" truecount="2" falsecount="0"/>
      <line num="316" count="3" type="stmt"/>
      <line num="317" count="3" type="cond" truecount="2" falsecount="0"/>
      <line num="318" count="2" type="stmt"/>
      <line num="321" count="34" type="cond" truecount="2" falsecount="0"/>
      <line num="322" count="20" type="stmt"/>
      <line num="323" count="20" type="cond" truecount="2" falsecount="0"/>
      <line num="324" count="6" type="stmt"/>
      <line num="328" count="14" type="stmt"/>
      <line num="334" count="14" type="stmt"/>
      <line num="336" count="1" type="stmt"/>
    </file>
  </project>
</coverage>
