{"G:\\Code\\Jest\\jest-just-go\\src\\dessert.js": {"path":"G:\\Code\\Jest\\jest-just-go\\src\\dessert.js","statementMap":{"0":{"start":{"line":1,"column":16},"end":{"line":3,"column":1}},"1":{"start":{"line":2,"column":4},"end":{"line":2,"column":21}},"2":{"start":{"line":5,"column":0},"end":{"line":9,"column":1}},"3":{"start":{"line":7,"column":8},"end":{"line":7,"column":40}},"4":{"start":{"line":11,"column":0},"end":{"line":11,"column":25}}},"fnMap":{"0":{"name":"(anonymous_0)","decl":{"start":{"line":1,"column":16},"end":{"line":1,"column":17}},"loc":{"start":{"line":1,"column":32},"end":{"line":3,"column":1}},"line":1},"1":{"name":"(anonymous_1)","decl":{"start":{"line":6,"column":11},"end":{"line":6,"column":12}},"loc":{"start":{"line":6,"column":23},"end":{"line":8,"column":5}},"line":6}},"branchMap":{},"s":{"0":2,"1":3,"2":2,"3":3,"4":2},"f":{"0":3,"1":3},"b":{},"_coverageSchema":"1a1c01bbd47fc00a2c39e90264f33305004495a9","hash":"a2c4ac7324cb76cd89246c9eb41ea0b5a52006b2"}
,"G:\\Code\\Jest\\jest-just-go\\src\\dessertFactoty.js": {"path":"G:\\Code\\Jest\\jest-just-go\\src\\dessertFactoty.js","statementMap":{"0":{"start":{"line":1,"column":16},"end":{"line":1,"column":36}},"1":{"start":{"line":3,"column":23},"end":{"line":4,"column":1}},"2":{"start":{"line":6,"column":0},"end":{"line":15,"column":1}},"3":{"start":{"line":7,"column":4},"end":{"line":14,"column":5}},"4":{"start":{"line":9,"column":12},"end":{"line":9,"column":51}},"5":{"start":{"line":11,"column":12},"end":{"line":11,"column":43}},"6":{"start":{"line":13,"column":12},"end":{"line":13,"column":60}},"7":{"start":{"line":17,"column":0},"end":{"line":17,"column":32}}},"fnMap":{"0":{"name":"(anonymous_0)","decl":{"start":{"line":3,"column":23},"end":{"line":3,"column":24}},"loc":{"start":{"line":3,"column":35},"end":{"line":4,"column":1}},"line":3},"1":{"name":"(anonymous_1)","decl":{"start":{"line":6,"column":25},"end":{"line":6,"column":26}},"loc":{"start":{"line":6,"column":41},"end":{"line":15,"column":1}},"line":6}},"branchMap":{"0":{"loc":{"start":{"line":7,"column":4},"end":{"line":14,"column":5}},"type":"switch","locations":[{"start":{"line":8,"column":8},"end":{"line":9,"column":51}},{"start":{"line":10,"column":8},"end":{"line":11,"column":43}},{"start":{"line":12,"column":8},"end":{"line":13,"column":60}}],"line":7}},"s":{"0":1,"1":1,"2":1,"3":2,"4":1,"5":1,"6":0,"7":1},"f":{"0":0,"1":2},"b":{"0":[1,1,0]},"_coverageSchema":"1a1c01bbd47fc00a2c39e90264f33305004495a9","hash":"41a70bfc550ad3e8b00214a7476817ee61a1b7cc"}
,"G:\\Code\\Jest\\jest-just-go\\src\\first.js": {"path":"G:\\Code\\Jest\\jest-just-go\\src\\first.js","statementMap":{"0":{"start":{"line":1,"column":15},"end":{"line":3,"column":1}},"1":{"start":{"line":2,"column":10},"end":{"line":2,"column":11}},"2":{"start":{"line":5,"column":9},"end":{"line":5,"column":20}},"3":{"start":{"line":6,"column":10},"end":{"line":6,"column":21}},"4":{"start":{"line":7,"column":11},"end":{"line":7,"column":22}},"5":{"start":{"line":8,"column":11},"end":{"line":8,"column":22}},"6":{"start":{"line":9,"column":25},"end":{"line":9,"column":36}},"7":{"start":{"line":10,"column":16},"end":{"line":10,"column":27}},"8":{"start":{"line":11,"column":15},"end":{"line":11,"column":16}},"9":{"start":{"line":15,"column":11},"end":{"line":15,"column":12}},"10":{"start":{"line":16,"column":10},"end":{"line":16,"column":14}},"11":{"start":{"line":18,"column":0},"end":{"line":45,"column":1}},"12":{"start":{"line":20,"column":8},"end":{"line":22,"column":9}},"13":{"start":{"line":21,"column":12},"end":{"line":21,"column":28}},"14":{"start":{"line":23,"column":8},"end":{"line":34,"column":9}},"15":{"start":{"line":23,"column":18},"end":{"line":23,"column":19}},"16":{"start":{"line":27,"column":12},"end":{"line":29,"column":13}},"17":{"start":{"line":28,"column":16},"end":{"line":28,"column":33}},"18":{"start":{"line":30,"column":12},"end":{"line":32,"column":13}},"19":{"start":{"line":31,"column":16},"end":{"line":31,"column":32}},"20":{"start":{"line":36,"column":8},"end":{"line":36,"column":17}},"21":{"start":{"line":37,"column":8},"end":{"line":37,"column":28}},"22":{"start":{"line":38,"column":8},"end":{"line":38,"column":32}},"23":{"start":{"line":39,"column":8},"end":{"line":39,"column":26}},"24":{"start":{"line":40,"column":8},"end":{"line":40,"column":33}},"25":{"start":{"line":41,"column":8},"end":{"line":41,"column":51}},"26":{"start":{"line":42,"column":8},"end":{"line":42,"column":15}},"27":{"start":{"line":42,"column":15},"end":{"line":42,"column":25}},"28":{"start":{"line":42,"column":25},"end":{"line":42,"column":36}},"29":{"start":{"line":42,"column":36},"end":{"line":42,"column":47}},"30":{"start":{"line":43,"column":8},"end":{"line":43,"column":31}},"31":{"start":{"line":44,"column":8},"end":{"line":44,"column":23}},"32":{"start":{"line":47,"column":4},"end":{"line":55,"column":5}},"33":{"start":{"line":48,"column":8},"end":{"line":48,"column":18}},"34":{"start":{"line":50,"column":9},"end":{"line":55,"column":5}},"35":{"start":{"line":51,"column":8},"end":{"line":51,"column":18}},"36":{"start":{"line":53,"column":9},"end":{"line":55,"column":5}},"37":{"start":{"line":54,"column":8},"end":{"line":54,"column":35}},"38":{"start":{"line":58,"column":4},"end":{"line":72,"column":5}},"39":{"start":{"line":59,"column":8},"end":{"line":59,"column":50}},"40":{"start":{"line":61,"column":9},"end":{"line":72,"column":5}},"41":{"start":{"line":62,"column":8},"end":{"line":62,"column":50}},"42":{"start":{"line":64,"column":9},"end":{"line":72,"column":5}},"43":{"start":{"line":65,"column":8},"end":{"line":65,"column":50}},"44":{"start":{"line":67,"column":9},"end":{"line":72,"column":5}},"45":{"start":{"line":68,"column":8},"end":{"line":68,"column":50}},"46":{"start":{"line":71,"column":8},"end":{"line":71,"column":49}},"47":{"start":{"line":75,"column":4},"end":{"line":86,"column":5}},"48":{"start":{"line":76,"column":8},"end":{"line":76,"column":18}},"49":{"start":{"line":78,"column":9},"end":{"line":86,"column":5}},"50":{"start":{"line":79,"column":8},"end":{"line":79,"column":18}},"51":{"start":{"line":81,"column":9},"end":{"line":86,"column":5}},"52":{"start":{"line":82,"column":8},"end":{"line":82,"column":18}},"53":{"start":{"line":85,"column":8},"end":{"line":85,"column":18}},"54":{"start":{"line":89,"column":4},"end":{"line":89,"column":43}},"55":{"start":{"line":92,"column":4},"end":{"line":106,"column":5}},"56":{"start":{"line":93,"column":8},"end":{"line":93,"column":57}},"57":{"start":{"line":95,"column":9},"end":{"line":106,"column":5}},"58":{"start":{"line":96,"column":8},"end":{"line":96,"column":57}},"59":{"start":{"line":98,"column":9},"end":{"line":106,"column":5}},"60":{"start":{"line":99,"column":8},"end":{"line":99,"column":56}},"61":{"start":{"line":101,"column":9},"end":{"line":106,"column":5}},"62":{"start":{"line":102,"column":8},"end":{"line":102,"column":58}},"63":{"start":{"line":105,"column":8},"end":{"line":105,"column":56}},"64":{"start":{"line":111,"column":16},"end":{"line":111,"column":17}},"65":{"start":{"line":112,"column":4},"end":{"line":118,"column":5}},"66":{"start":{"line":112,"column":14},"end":{"line":112,"column":15}},"67":{"start":{"line":113,"column":8},"end":{"line":116,"column":9}},"68":{"start":{"line":115,"column":12},"end":{"line":115,"column":24}},"69":{"start":{"line":117,"column":8},"end":{"line":117,"column":27}},"70":{"start":{"line":120,"column":4},"end":{"line":165,"column":5}},"71":{"start":{"line":121,"column":8},"end":{"line":129,"column":9}},"72":{"start":{"line":123,"column":12},"end":{"line":123,"column":43}},"73":{"start":{"line":127,"column":21},"end":{"line":127,"column":22}},"74":{"start":{"line":128,"column":12},"end":{"line":128,"column":19}},"75":{"start":{"line":132,"column":8},"end":{"line":164,"column":9}},"76":{"start":{"line":133,"column":12},"end":{"line":141,"column":13}},"77":{"start":{"line":135,"column":16},"end":{"line":135,"column":47}},"78":{"start":{"line":139,"column":25},"end":{"line":139,"column":26}},"79":{"start":{"line":140,"column":16},"end":{"line":140,"column":23}},"80":{"start":{"line":143,"column":13},"end":{"line":164,"column":9}},"81":{"start":{"line":144,"column":12},"end":{"line":152,"column":13}},"82":{"start":{"line":146,"column":16},"end":{"line":146,"column":47}},"83":{"start":{"line":150,"column":25},"end":{"line":150,"column":26}},"84":{"start":{"line":151,"column":16},"end":{"line":151,"column":23}},"85":{"start":{"line":155,"column":12},"end":{"line":163,"column":13}},"86":{"start":{"line":157,"column":16},"end":{"line":157,"column":47}},"87":{"start":{"line":161,"column":25},"end":{"line":161,"column":26}},"88":{"start":{"line":162,"column":16},"end":{"line":162,"column":23}},"89":{"start":{"line":168,"column":23},"end":{"line":168,"column":24}},"90":{"start":{"line":169,"column":4},"end":{"line":215,"column":5}},"91":{"start":{"line":169,"column":14},"end":{"line":169,"column":15}},"92":{"start":{"line":171,"column":19},"end":{"line":171,"column":45}},"93":{"start":{"line":172,"column":8},"end":{"line":179,"column":9}},"94":{"start":{"line":174,"column":12},"end":{"line":174,"column":26}},"95":{"start":{"line":176,"column":13},"end":{"line":179,"column":9}},"96":{"start":{"line":178,"column":12},"end":{"line":178,"column":41}},"97":{"start":{"line":181,"column":8},"end":{"line":214,"column":9}},"98":{"start":{"line":183,"column":12},"end":{"line":183,"column":26}},"99":{"start":{"line":185,"column":13},"end":{"line":214,"column":9}},"100":{"start":{"line":187,"column":12},"end":{"line":187,"column":29}},"101":{"start":{"line":192,"column":12},"end":{"line":213,"column":13}},"102":{"start":{"line":193,"column":16},"end":{"line":193,"column":33}},"103":{"start":{"line":194,"column":16},"end":{"line":201,"column":17}},"104":{"start":{"line":195,"column":20},"end":{"line":195,"column":49}},"105":{"start":{"line":199,"column":29},"end":{"line":199,"column":30}},"106":{"start":{"line":200,"column":20},"end":{"line":200,"column":27}},"107":{"start":{"line":204,"column":16},"end":{"line":204,"column":33}},"108":{"start":{"line":205,"column":16},"end":{"line":212,"column":17}},"109":{"start":{"line":206,"column":20},"end":{"line":206,"column":49}},"110":{"start":{"line":210,"column":29},"end":{"line":210,"column":30}},"111":{"start":{"line":211,"column":20},"end":{"line":211,"column":27}},"112":{"start":{"line":217,"column":4},"end":{"line":217,"column":33}},"113":{"start":{"line":221,"column":4},"end":{"line":221,"column":18}},"114":{"start":{"line":225,"column":4},"end":{"line":306,"column":5}},"115":{"start":{"line":225,"column":14},"end":{"line":225,"column":15}},"116":{"start":{"line":226,"column":8},"end":{"line":305,"column":9}},"117":{"start":{"line":228,"column":21},"end":{"line":228,"column":22}},"118":{"start":{"line":229,"column":12},"end":{"line":229,"column":19}},"119":{"start":{"line":231,"column":13},"end":{"line":305,"column":9}},"120":{"start":{"line":233,"column":20},"end":{"line":233,"column":31}},"121":{"start":{"line":234,"column":12},"end":{"line":234,"column":24}},"122":{"start":{"line":234,"column":24},"end":{"line":234,"column":51}},"123":{"start":{"line":234,"column":51},"end":{"line":234,"column":87}},"124":{"start":{"line":235,"column":12},"end":{"line":235,"column":25}},"125":{"start":{"line":237,"column":13},"end":{"line":305,"column":9}},"126":{"start":{"line":238,"column":12},"end":{"line":246,"column":13}},"127":{"start":{"line":239,"column":16},"end":{"line":239,"column":29}},"128":{"start":{"line":241,"column":17},"end":{"line":246,"column":13}},"129":{"start":{"line":242,"column":16},"end":{"line":242,"column":29}},"130":{"start":{"line":245,"column":16},"end":{"line":245,"column":29}},"131":{"start":{"line":248,"column":13},"end":{"line":305,"column":9}},"132":{"start":{"line":249,"column":12},"end":{"line":257,"column":13}},"133":{"start":{"line":250,"column":16},"end":{"line":250,"column":29}},"134":{"start":{"line":252,"column":17},"end":{"line":257,"column":13}},"135":{"start":{"line":253,"column":16},"end":{"line":253,"column":29}},"136":{"start":{"line":256,"column":16},"end":{"line":256,"column":29}},"137":{"start":{"line":259,"column":13},"end":{"line":305,"column":9}},"138":{"start":{"line":261,"column":20},"end":{"line":261,"column":31}},"139":{"start":{"line":262,"column":12},"end":{"line":262,"column":24}},"140":{"start":{"line":262,"column":24},"end":{"line":262,"column":51}},"141":{"start":{"line":262,"column":51},"end":{"line":262,"column":87}},"142":{"start":{"line":263,"column":12},"end":{"line":263,"column":25}},"143":{"start":{"line":265,"column":13},"end":{"line":305,"column":9}},"144":{"start":{"line":266,"column":12},"end":{"line":272,"column":13}},"145":{"start":{"line":267,"column":16},"end":{"line":267,"column":28}},"146":{"start":{"line":271,"column":16},"end":{"line":271,"column":29}},"147":{"start":{"line":274,"column":13},"end":{"line":305,"column":9}},"148":{"start":{"line":275,"column":12},"end":{"line":284,"column":13}},"149":{"start":{"line":276,"column":16},"end":{"line":276,"column":29}},"150":{"start":{"line":278,"column":17},"end":{"line":284,"column":13}},"151":{"start":{"line":279,"column":16},"end":{"line":279,"column":29}},"152":{"start":{"line":283,"column":16},"end":{"line":283,"column":29}},"153":{"start":{"line":286,"column":13},"end":{"line":305,"column":9}},"154":{"start":{"line":287,"column":12},"end":{"line":293,"column":13}},"155":{"start":{"line":288,"column":16},"end":{"line":288,"column":29}},"156":{"start":{"line":292,"column":16},"end":{"line":292,"column":29}},"157":{"start":{"line":296,"column":12},"end":{"line":304,"column":13}},"158":{"start":{"line":297,"column":16},"end":{"line":297,"column":29}},"159":{"start":{"line":299,"column":17},"end":{"line":304,"column":13}},"160":{"start":{"line":300,"column":16},"end":{"line":300,"column":29}},"161":{"start":{"line":303,"column":16},"end":{"line":303,"column":29}},"162":{"start":{"line":310,"column":4},"end":{"line":310,"column":18}},"163":{"start":{"line":315,"column":4},"end":{"line":320,"column":5}},"164":{"start":{"line":316,"column":20},"end":{"line":316,"column":36}},"165":{"start":{"line":317,"column":8},"end":{"line":319,"column":9}},"166":{"start":{"line":318,"column":12},"end":{"line":318,"column":27}},"167":{"start":{"line":321,"column":4},"end":{"line":329,"column":5}},"168":{"start":{"line":322,"column":20},"end":{"line":322,"column":33}},"169":{"start":{"line":323,"column":8},"end":{"line":325,"column":9}},"170":{"start":{"line":324,"column":12},"end":{"line":324,"column":27}},"171":{"start":{"line":328,"column":8},"end":{"line":328,"column":31}},"172":{"start":{"line":334,"column":4},"end":{"line":334,"column":18}},"173":{"start":{"line":336,"column":0},"end":{"line":336,"column":24}}},"fnMap":{"0":{"name":"(anonymous_0)","decl":{"start":{"line":1,"column":15},"end":{"line":1,"column":16}},"loc":{"start":{"line":1,"column":27},"end":{"line":3,"column":1}},"line":1},"1":{"name":"(anonymous_1)","decl":{"start":{"line":18,"column":19},"end":{"line":18,"column":20}},"loc":{"start":{"line":18,"column":102},"end":{"line":45,"column":1}},"line":18},"2":{"name":"judgeExtra","decl":{"start":{"line":46,"column":9},"end":{"line":46,"column":19}},"loc":{"start":{"line":46,"column":28},"end":{"line":56,"column":1}},"line":46},"3":{"name":"extraBaggage","decl":{"start":{"line":57,"column":9},"end":{"line":57,"column":21}},"loc":{"start":{"line":57,"column":37},"end":{"line":73,"column":1}},"line":57},"4":{"name":"foreignOverWeightCal","decl":{"start":{"line":74,"column":9},"end":{"line":74,"column":29}},"loc":{"start":{"line":74,"column":50},"end":{"line":87,"column":1}},"line":74},"5":{"name":"chinaOverWeightcal","decl":{"start":{"line":88,"column":9},"end":{"line":88,"column":27}},"loc":{"start":{"line":88,"column":45},"end":{"line":90,"column":1}},"line":88},"6":{"name":"overWeight","decl":{"start":{"line":91,"column":9},"end":{"line":91,"column":19}},"loc":{"start":{"line":91,"column":34},"end":{"line":107,"column":1}},"line":91},"7":{"name":"chinaFlight","decl":{"start":{"line":109,"column":9},"end":{"line":109,"column":20}},"loc":{"start":{"line":109,"column":22},"end":{"line":166,"column":1}},"line":109},"8":{"name":"foreignFlight","decl":{"start":{"line":167,"column":9},"end":{"line":167,"column":22}},"loc":{"start":{"line":167,"column":24},"end":{"line":223,"column":1}},"line":167},"9":{"name":"specialPackage","decl":{"start":{"line":224,"column":9},"end":{"line":224,"column":23}},"loc":{"start":{"line":224,"column":25},"end":{"line":311,"column":1}},"line":224},"10":{"name":"judge","decl":{"start":{"line":313,"column":9},"end":{"line":313,"column":14}},"loc":{"start":{"line":313,"column":16},"end":{"line":335,"column":1}},"line":313}},"branchMap":{"0":{"loc":{"start":{"line":20,"column":8},"end":{"line":22,"column":9}},"type":"if","locations":[{"start":{"line":20,"column":8},"end":{"line":22,"column":9}},{"start":{"line":20,"column":8},"end":{"line":22,"column":9}}],"line":20},"1":{"loc":{"start":{"line":20,"column":11},"end":{"line":20,"column":49}},"type":"binary-expr","locations":[{"start":{"line":20,"column":11},"end":{"line":20,"column":22}},{"start":{"line":20,"column":24},"end":{"line":20,"column":37}},{"start":{"line":20,"column":39},"end":{"line":20,"column":49}}],"line":20},"2":{"loc":{"start":{"line":27,"column":12},"end":{"line":29,"column":13}},"type":"if","locations":[{"start":{"line":27,"column":12},"end":{"line":29,"column":13}},{"start":{"line":27,"column":12},"end":{"line":29,"column":13}}],"line":27},"3":{"loc":{"start":{"line":27,"column":15},"end":{"line":27,"column":51}},"type":"binary-expr","locations":[{"start":{"line":27,"column":15},"end":{"line":27,"column":21}},{"start":{"line":27,"column":23},"end":{"line":27,"column":31}},{"start":{"line":27,"column":33},"end":{"line":27,"column":41}},{"start":{"line":27,"column":43},"end":{"line":27,"column":51}}],"line":27},"4":{"loc":{"start":{"line":30,"column":12},"end":{"line":32,"column":13}},"type":"if","locations":[{"start":{"line":30,"column":12},"end":{"line":32,"column":13}},{"start":{"line":30,"column":12},"end":{"line":32,"column":13}}],"line":30},"5":{"loc":{"start":{"line":30,"column":15},"end":{"line":30,"column":55}},"type":"binary-expr","locations":[{"start":{"line":30,"column":15},"end":{"line":30,"column":22}},{"start":{"line":30,"column":24},"end":{"line":30,"column":33}},{"start":{"line":30,"column":35},"end":{"line":30,"column":44}},{"start":{"line":30,"column":46},"end":{"line":30,"column":55}}],"line":30},"6":{"loc":{"start":{"line":47,"column":4},"end":{"line":55,"column":5}},"type":"if","locations":[{"start":{"line":47,"column":4},"end":{"line":55,"column":5}},{"start":{"line":47,"column":4},"end":{"line":55,"column":5}}],"line":47},"7":{"loc":{"start":{"line":50,"column":9},"end":{"line":55,"column":5}},"type":"if","locations":[{"start":{"line":50,"column":9},"end":{"line":55,"column":5}},{"start":{"line":50,"column":9},"end":{"line":55,"column":5}}],"line":50},"8":{"loc":{"start":{"line":53,"column":9},"end":{"line":55,"column":5}},"type":"if","locations":[{"start":{"line":53,"column":9},"end":{"line":55,"column":5}},{"start":{"line":53,"column":9},"end":{"line":55,"column":5}}],"line":53},"9":{"loc":{"start":{"line":58,"column":4},"end":{"line":72,"column":5}},"type":"if","locations":[{"start":{"line":58,"column":4},"end":{"line":72,"column":5}},{"start":{"line":58,"column":4},"end":{"line":72,"column":5}}],"line":58},"10":{"loc":{"start":{"line":61,"column":9},"end":{"line":72,"column":5}},"type":"if","locations":[{"start":{"line":61,"column":9},"end":{"line":72,"column":5}},{"start":{"line":61,"column":9},"end":{"line":72,"column":5}}],"line":61},"11":{"loc":{"start":{"line":64,"column":9},"end":{"line":72,"column":5}},"type":"if","locations":[{"start":{"line":64,"column":9},"end":{"line":72,"column":5}},{"start":{"line":64,"column":9},"end":{"line":72,"column":5}}],"line":64},"12":{"loc":{"start":{"line":67,"column":9},"end":{"line":72,"column":5}},"type":"if","locations":[{"start":{"line":67,"column":9},"end":{"line":72,"column":5}},{"start":{"line":67,"column":9},"end":{"line":72,"column":5}}],"line":67},"13":{"loc":{"start":{"line":75,"column":4},"end":{"line":86,"column":5}},"type":"if","locations":[{"start":{"line":75,"column":4},"end":{"line":86,"column":5}},{"start":{"line":75,"column":4},"end":{"line":86,"column":5}}],"line":75},"14":{"loc":{"start":{"line":75,"column":7},"end":{"line":75,"column":29}},"type":"binary-expr","locations":[{"start":{"line":75,"column":7},"end":{"line":75,"column":16}},{"start":{"line":75,"column":18},"end":{"line":75,"column":29}}],"line":75},"15":{"loc":{"start":{"line":78,"column":9},"end":{"line":86,"column":5}},"type":"if","locations":[{"start":{"line":78,"column":9},"end":{"line":86,"column":5}},{"start":{"line":78,"column":9},"end":{"line":86,"column":5}}],"line":78},"16":{"loc":{"start":{"line":78,"column":12},"end":{"line":78,"column":34}},"type":"binary-expr","locations":[{"start":{"line":78,"column":12},"end":{"line":78,"column":21}},{"start":{"line":78,"column":23},"end":{"line":78,"column":34}}],"line":78},"17":{"loc":{"start":{"line":81,"column":9},"end":{"line":86,"column":5}},"type":"if","locations":[{"start":{"line":81,"column":9},"end":{"line":86,"column":5}},{"start":{"line":81,"column":9},"end":{"line":86,"column":5}}],"line":81},"18":{"loc":{"start":{"line":81,"column":12},"end":{"line":81,"column":34}},"type":"binary-expr","locations":[{"start":{"line":81,"column":12},"end":{"line":81,"column":22}},{"start":{"line":81,"column":24},"end":{"line":81,"column":34}}],"line":81},"19":{"loc":{"start":{"line":92,"column":4},"end":{"line":106,"column":5}},"type":"if","locations":[{"start":{"line":92,"column":4},"end":{"line":106,"column":5}},{"start":{"line":92,"column":4},"end":{"line":106,"column":5}}],"line":92},"20":{"loc":{"start":{"line":95,"column":9},"end":{"line":106,"column":5}},"type":"if","locations":[{"start":{"line":95,"column":9},"end":{"line":106,"column":5}},{"start":{"line":95,"column":9},"end":{"line":106,"column":5}}],"line":95},"21":{"loc":{"start":{"line":98,"column":9},"end":{"line":106,"column":5}},"type":"if","locations":[{"start":{"line":98,"column":9},"end":{"line":106,"column":5}},{"start":{"line":98,"column":9},"end":{"line":106,"column":5}}],"line":98},"22":{"loc":{"start":{"line":101,"column":9},"end":{"line":106,"column":5}},"type":"if","locations":[{"start":{"line":101,"column":9},"end":{"line":106,"column":5}},{"start":{"line":101,"column":9},"end":{"line":106,"column":5}}],"line":101},"23":{"loc":{"start":{"line":113,"column":8},"end":{"line":116,"column":9}},"type":"if","locations":[{"start":{"line":113,"column":8},"end":{"line":116,"column":9}},{"start":{"line":113,"column":8},"end":{"line":116,"column":9}}],"line":113},"24":{"loc":{"start":{"line":113,"column":11},"end":{"line":113,"column":49}},"type":"binary-expr","locations":[{"start":{"line":113,"column":11},"end":{"line":113,"column":22}},{"start":{"line":113,"column":24},"end":{"line":113,"column":35}},{"start":{"line":113,"column":37},"end":{"line":113,"column":49}}],"line":113},"25":{"loc":{"start":{"line":120,"column":4},"end":{"line":165,"column":5}},"type":"if","locations":[{"start":{"line":120,"column":4},"end":{"line":165,"column":5}},{"start":{"line":120,"column":4},"end":{"line":165,"column":5}}],"line":120},"26":{"loc":{"start":{"line":121,"column":8},"end":{"line":129,"column":9}},"type":"if","locations":[{"start":{"line":121,"column":8},"end":{"line":129,"column":9}},{"start":{"line":121,"column":8},"end":{"line":129,"column":9}}],"line":121},"27":{"loc":{"start":{"line":132,"column":8},"end":{"line":164,"column":9}},"type":"if","locations":[{"start":{"line":132,"column":8},"end":{"line":164,"column":9}},{"start":{"line":132,"column":8},"end":{"line":164,"column":9}}],"line":132},"28":{"loc":{"start":{"line":133,"column":12},"end":{"line":141,"column":13}},"type":"if","locations":[{"start":{"line":133,"column":12},"end":{"line":141,"column":13}},{"start":{"line":133,"column":12},"end":{"line":141,"column":13}}],"line":133},"29":{"loc":{"start":{"line":143,"column":13},"end":{"line":164,"column":9}},"type":"if","locations":[{"start":{"line":143,"column":13},"end":{"line":164,"column":9}},{"start":{"line":143,"column":13},"end":{"line":164,"column":9}}],"line":143},"30":{"loc":{"start":{"line":144,"column":12},"end":{"line":152,"column":13}},"type":"if","locations":[{"start":{"line":144,"column":12},"end":{"line":152,"column":13}},{"start":{"line":144,"column":12},"end":{"line":152,"column":13}}],"line":144},"31":{"loc":{"start":{"line":155,"column":12},"end":{"line":163,"column":13}},"type":"if","locations":[{"start":{"line":155,"column":12},"end":{"line":163,"column":13}},{"start":{"line":155,"column":12},"end":{"line":163,"column":13}}],"line":155},"32":{"loc":{"start":{"line":172,"column":8},"end":{"line":179,"column":9}},"type":"if","locations":[{"start":{"line":172,"column":8},"end":{"line":179,"column":9}},{"start":{"line":172,"column":8},"end":{"line":179,"column":9}}],"line":172},"33":{"loc":{"start":{"line":176,"column":13},"end":{"line":179,"column":9}},"type":"if","locations":[{"start":{"line":176,"column":13},"end":{"line":179,"column":9}},{"start":{"line":176,"column":13},"end":{"line":179,"column":9}}],"line":176},"34":{"loc":{"start":{"line":181,"column":8},"end":{"line":214,"column":9}},"type":"if","locations":[{"start":{"line":181,"column":8},"end":{"line":214,"column":9}},{"start":{"line":181,"column":8},"end":{"line":214,"column":9}}],"line":181},"35":{"loc":{"start":{"line":185,"column":13},"end":{"line":214,"column":9}},"type":"if","locations":[{"start":{"line":185,"column":13},"end":{"line":214,"column":9}},{"start":{"line":185,"column":13},"end":{"line":214,"column":9}}],"line":185},"36":{"loc":{"start":{"line":192,"column":12},"end":{"line":213,"column":13}},"type":"if","locations":[{"start":{"line":192,"column":12},"end":{"line":213,"column":13}},{"start":{"line":192,"column":12},"end":{"line":213,"column":13}}],"line":192},"37":{"loc":{"start":{"line":194,"column":16},"end":{"line":201,"column":17}},"type":"if","locations":[{"start":{"line":194,"column":16},"end":{"line":201,"column":17}},{"start":{"line":194,"column":16},"end":{"line":201,"column":17}}],"line":194},"38":{"loc":{"start":{"line":205,"column":16},"end":{"line":212,"column":17}},"type":"if","locations":[{"start":{"line":205,"column":16},"end":{"line":212,"column":17}},{"start":{"line":205,"column":16},"end":{"line":212,"column":17}}],"line":205},"39":{"loc":{"start":{"line":226,"column":8},"end":{"line":305,"column":9}},"type":"if","locations":[{"start":{"line":226,"column":8},"end":{"line":305,"column":9}},{"start":{"line":226,"column":8},"end":{"line":305,"column":9}}],"line":226},"40":{"loc":{"start":{"line":231,"column":13},"end":{"line":305,"column":9}},"type":"if","locations":[{"start":{"line":231,"column":13},"end":{"line":305,"column":9}},{"start":{"line":231,"column":13},"end":{"line":305,"column":9}}],"line":231},"41":{"loc":{"start":{"line":237,"column":13},"end":{"line":305,"column":9}},"type":"if","locations":[{"start":{"line":237,"column":13},"end":{"line":305,"column":9}},{"start":{"line":237,"column":13},"end":{"line":305,"column":9}}],"line":237},"42":{"loc":{"start":{"line":238,"column":12},"end":{"line":246,"column":13}},"type":"if","locations":[{"start":{"line":238,"column":12},"end":{"line":246,"column":13}},{"start":{"line":238,"column":12},"end":{"line":246,"column":13}}],"line":238},"43":{"loc":{"start":{"line":241,"column":17},"end":{"line":246,"column":13}},"type":"if","locations":[{"start":{"line":241,"column":17},"end":{"line":246,"column":13}},{"start":{"line":241,"column":17},"end":{"line":246,"column":13}}],"line":241},"44":{"loc":{"start":{"line":248,"column":13},"end":{"line":305,"column":9}},"type":"if","locations":[{"start":{"line":248,"column":13},"end":{"line":305,"column":9}},{"start":{"line":248,"column":13},"end":{"line":305,"column":9}}],"line":248},"45":{"loc":{"start":{"line":249,"column":12},"end":{"line":257,"column":13}},"type":"if","locations":[{"start":{"line":249,"column":12},"end":{"line":257,"column":13}},{"start":{"line":249,"column":12},"end":{"line":257,"column":13}}],"line":249},"46":{"loc":{"start":{"line":252,"column":17},"end":{"line":257,"column":13}},"type":"if","locations":[{"start":{"line":252,"column":17},"end":{"line":257,"column":13}},{"start":{"line":252,"column":17},"end":{"line":257,"column":13}}],"line":252},"47":{"loc":{"start":{"line":259,"column":13},"end":{"line":305,"column":9}},"type":"if","locations":[{"start":{"line":259,"column":13},"end":{"line":305,"column":9}},{"start":{"line":259,"column":13},"end":{"line":305,"column":9}}],"line":259},"48":{"loc":{"start":{"line":265,"column":13},"end":{"line":305,"column":9}},"type":"if","locations":[{"start":{"line":265,"column":13},"end":{"line":305,"column":9}},{"start":{"line":265,"column":13},"end":{"line":305,"column":9}}],"line":265},"49":{"loc":{"start":{"line":266,"column":12},"end":{"line":272,"column":13}},"type":"if","locations":[{"start":{"line":266,"column":12},"end":{"line":272,"column":13}},{"start":{"line":266,"column":12},"end":{"line":272,"column":13}}],"line":266},"50":{"loc":{"start":{"line":274,"column":13},"end":{"line":305,"column":9}},"type":"if","locations":[{"start":{"line":274,"column":13},"end":{"line":305,"column":9}},{"start":{"line":274,"column":13},"end":{"line":305,"column":9}}],"line":274},"51":{"loc":{"start":{"line":275,"column":12},"end":{"line":284,"column":13}},"type":"if","locations":[{"start":{"line":275,"column":12},"end":{"line":284,"column":13}},{"start":{"line":275,"column":12},"end":{"line":284,"column":13}}],"line":275},"52":{"loc":{"start":{"line":278,"column":17},"end":{"line":284,"column":13}},"type":"if","locations":[{"start":{"line":278,"column":17},"end":{"line":284,"column":13}},{"start":{"line":278,"column":17},"end":{"line":284,"column":13}}],"line":278},"53":{"loc":{"start":{"line":286,"column":13},"end":{"line":305,"column":9}},"type":"if","locations":[{"start":{"line":286,"column":13},"end":{"line":305,"column":9}},{"start":{"line":286,"column":13},"end":{"line":305,"column":9}}],"line":286},"54":{"loc":{"start":{"line":287,"column":12},"end":{"line":293,"column":13}},"type":"if","locations":[{"start":{"line":287,"column":12},"end":{"line":293,"column":13}},{"start":{"line":287,"column":12},"end":{"line":293,"column":13}}],"line":287},"55":{"loc":{"start":{"line":296,"column":12},"end":{"line":304,"column":13}},"type":"if","locations":[{"start":{"line":296,"column":12},"end":{"line":304,"column":13}},{"start":{"line":296,"column":12},"end":{"line":304,"column":13}}],"line":296},"56":{"loc":{"start":{"line":299,"column":17},"end":{"line":304,"column":13}},"type":"if","locations":[{"start":{"line":299,"column":17},"end":{"line":304,"column":13}},{"start":{"line":299,"column":17},"end":{"line":304,"column":13}}],"line":299},"57":{"loc":{"start":{"line":315,"column":4},"end":{"line":320,"column":5}},"type":"if","locations":[{"start":{"line":315,"column":4},"end":{"line":320,"column":5}},{"start":{"line":315,"column":4},"end":{"line":320,"column":5}}],"line":315},"58":{"loc":{"start":{"line":317,"column":8},"end":{"line":319,"column":9}},"type":"if","locations":[{"start":{"line":317,"column":8},"end":{"line":319,"column":9}},{"start":{"line":317,"column":8},"end":{"line":319,"column":9}}],"line":317},"59":{"loc":{"start":{"line":321,"column":4},"end":{"line":329,"column":5}},"type":"if","locations":[{"start":{"line":321,"column":4},"end":{"line":329,"column":5}},{"start":{"line":321,"column":4},"end":{"line":329,"column":5}}],"line":321},"60":{"loc":{"start":{"line":323,"column":8},"end":{"line":325,"column":9}},"type":"if","locations":[{"start":{"line":323,"column":8},"end":{"line":325,"column":9}},{"start":{"line":323,"column":8},"end":{"line":325,"column":9}}],"line":323}},"s":{"0":1,"1":1,"2":1,"3":1,"4":1,"5":1,"6":1,"7":1,"8":1,"9":1,"10":1,"11":1,"12":47,"13":3,"14":44,"15":44,"16":80,"17":4,"18":76,"19":4,"20":36,"21":36,"22":36,"23":36,"24":36,"25":36,"26":36,"27":36,"28":36,"29":36,"30":36,"31":36,"32":12,"33":2,"34":10,"35":2,"36":8,"37":5,"38":12,"39":7,"40":5,"41":2,"42":3,"43":1,"44":2,"45":1,"46":1,"47":35,"48":4,"49":31,"50":3,"51":28,"52":14,"53":14,"54":10,"55":35,"56":22,"57":13,"58":8,"59":5,"60":2,"61":3,"62":2,"63":1,"64":20,"65":20,"66":20,"67":26,"68":6,"69":20,"70":14,"71":7,"72":6,"73":1,"74":1,"75":7,"76":3,"77":2,"78":1,"79":1,"80":4,"81":2,"82":1,"83":1,"84":1,"85":2,"86":1,"87":1,"88":1,"89":14,"90":14,"91":14,"92":44,"93":44,"94":1,"95":43,"96":26,"97":43,"98":1,"99":42,"100":23,"101":19,"102":9,"103":9,"104":4,"105":5,"106":5,"107":10,"108":10,"109":5,"110":5,"111":5,"112":12,"113":12,"114":3,"115":3,"116":19,"117":1,"118":1,"119":18,"120":1,"121":1,"122":1,"123":1,"124":1,"125":17,"126":3,"127":1,"128":2,"129":1,"130":1,"131":14,"132":3,"133":1,"134":2,"135":1,"136":1,"137":11,"138":1,"139":1,"140":1,"141":1,"142":1,"143":10,"144":2,"145":1,"146":1,"147":8,"148":3,"149":1,"150":2,"151":1,"152":1,"153":5,"154":2,"155":1,"156":1,"157":3,"158":1,"159":2,"160":1,"161":1,"162":1,"163":36,"164":3,"165":3,"166":2,"167":34,"168":20,"169":20,"170":6,"171":14,"172":14,"173":1},"f":{"0":1,"1":47,"2":12,"3":12,"4":35,"5":10,"6":35,"7":20,"8":14,"9":3,"10":36},"b":{"0":[3,44],"1":[47,46,45],"2":[4,76],"3":[80,79,78,77],"4":[4,72],"5":[76,75,74,73],"6":[2,10],"7":[2,8],"8":[5,3],"9":[7,5],"10":[2,3],"11":[1,2],"12":[1,1],"13":[4,31],"14":[35,20],"15":[3,28],"16":[31,15],"17":[14,14],"18":[28,14],"19":[22,13],"20":[8,5],"21":[2,3],"22":[2,1],"23":[6,20],"24":[26,24,23],"25":[7,7],"26":[6,1],"27":[3,4],"28":[2,1],"29":[2,2],"30":[1,1],"31":[1,1],"32":[1,43],"33":[26,17],"34":[1,42],"35":[23,19],"36":[9,10],"37":[4,5],"38":[5,5],"39":[1,18],"40":[1,17],"41":[3,14],"42":[1,2],"43":[1,1],"44":[3,11],"45":[1,2],"46":[1,1],"47":[1,10],"48":[2,8],"49":[1,1],"50":[3,5],"51":[1,2],"52":[1,1],"53":[2,3],"54":[1,1],"55":[1,2],"56":[1,1],"57":[3,33],"58":[2,1],"59":[20,14],"60":[6,14]},"_coverageSchema":"1a1c01bbd47fc00a2c39e90264f33305004495a9","hash":"45b6cbf11b19adfcafda0c378b334d920116badd"}
}
