TN:
SF:src\dessert.js
FN:1,(anonymous_0)
FN:6,(anonymous_1)
FNF:2
FNH:2
FNDA:3,(anonymous_0)
FNDA:3,(anonymous_1)
DA:1,2
DA:2,3
DA:5,2
DA:7,3
DA:11,2
LF:5
LH:5
BRF:0
BRH:0
end_of_record
TN:
SF:src\dessertFactoty.js
FN:3,(anonymous_0)
FN:6,(anonymous_1)
FNF:2
FNH:1
FNDA:0,(anonymous_0)
FNDA:2,(anonymous_1)
DA:1,1
DA:3,1
DA:6,1
DA:7,2
DA:9,1
DA:11,1
DA:13,0
DA:17,1
LF:8
LH:7
BRDA:7,0,0,1
BRDA:7,0,1,1
BRDA:7,0,2,0
BRF:3
BRH:2
end_of_record
TN:
SF:src\first.js
FN:1,(anonymous_0)
FN:18,(anonymous_1)
FN:46,judgeExtra
FN:57,extraBaggage
FN:74,foreignOverWeightCal
FN:88,chinaOverWeightcal
FN:91,overWeight
FN:109,chinaFlight
FN:167,foreignFlight
FN:224,specialPackage
FN:313,judge
FNF:11
FNH:11
FNDA:1,(anonymous_0)
FNDA:47,(anonymous_1)
FNDA:12,judgeExtra
FNDA:12,extraBaggage
FNDA:35,foreignOverWeightCal
FNDA:10,chinaOverWeightcal
FNDA:35,overWeight
FNDA:20,chinaFlight
FNDA:14,foreignFlight
FNDA:3,specialPackage
FNDA:36,judge
DA:1,1
DA:2,1
DA:5,1
DA:6,1
DA:7,1
DA:8,1
DA:9,1
DA:10,1
DA:11,1
DA:15,1
DA:16,1
DA:18,1
DA:20,47
DA:21,3
DA:23,44
DA:27,80
DA:28,4
DA:30,76
DA:31,4
DA:36,36
DA:37,36
DA:38,36
DA:39,36
DA:40,36
DA:41,36
DA:42,36
DA:43,36
DA:44,36
DA:47,12
DA:48,2
DA:50,10
DA:51,2
DA:53,8
DA:54,5
DA:58,12
DA:59,7
DA:61,5
DA:62,2
DA:64,3
DA:65,1
DA:67,2
DA:68,1
DA:71,1
DA:75,35
DA:76,4
DA:78,31
DA:79,3
DA:81,28
DA:82,14
DA:85,14
DA:89,10
DA:92,35
DA:93,22
DA:95,13
DA:96,8
DA:98,5
DA:99,2
DA:101,3
DA:102,2
DA:105,1
DA:111,20
DA:112,20
DA:113,26
DA:115,6
DA:117,20
DA:120,14
DA:121,7
DA:123,6
DA:127,1
DA:128,1
DA:132,7
DA:133,3
DA:135,2
DA:139,1
DA:140,1
DA:143,4
DA:144,2
DA:146,1
DA:150,1
DA:151,1
DA:155,2
DA:157,1
DA:161,1
DA:162,1
DA:168,14
DA:169,14
DA:171,44
DA:172,44
DA:174,1
DA:176,43
DA:178,26
DA:181,43
DA:183,1
DA:185,42
DA:187,23
DA:192,19
DA:193,9
DA:194,9
DA:195,4
DA:199,5
DA:200,5
DA:204,10
DA:205,10
DA:206,5
DA:210,5
DA:211,5
DA:217,12
DA:221,12
DA:225,3
DA:226,19
DA:228,1
DA:229,1
DA:231,18
DA:233,1
DA:234,1
DA:235,1
DA:237,17
DA:238,3
DA:239,1
DA:241,2
DA:242,1
DA:245,1
DA:248,14
DA:249,3
DA:250,1
DA:252,2
DA:253,1
DA:256,1
DA:259,11
DA:261,1
DA:262,1
DA:263,1
DA:265,10
DA:266,2
DA:267,1
DA:271,1
DA:274,8
DA:275,3
DA:276,1
DA:278,2
DA:279,1
DA:283,1
DA:286,5
DA:287,2
DA:288,1
DA:292,1
DA:296,3
DA:297,1
DA:299,2
DA:300,1
DA:303,1
DA:310,1
DA:315,36
DA:316,3
DA:317,3
DA:318,2
DA:321,34
DA:322,20
DA:323,20
DA:324,6
DA:328,14
DA:334,14
DA:336,1
LF:163
LH:163
BRDA:20,0,0,3
BRDA:20,0,1,44
BRDA:20,1,0,47
BRDA:20,1,1,46
BRDA:20,1,2,45
BRDA:27,2,0,4
BRDA:27,2,1,76
BRDA:27,3,0,80
BRDA:27,3,1,79
BRDA:27,3,2,78
BRDA:27,3,3,77
BRDA:30,4,0,4
BRDA:30,4,1,72
BRDA:30,5,0,76
BRDA:30,5,1,75
BRDA:30,5,2,74
BRDA:30,5,3,73
BRDA:47,6,0,2
BRDA:47,6,1,10
BRDA:50,7,0,2
BRDA:50,7,1,8
BRDA:53,8,0,5
BRDA:53,8,1,3
BRDA:58,9,0,7
BRDA:58,9,1,5
BRDA:61,10,0,2
BRDA:61,10,1,3
BRDA:64,11,0,1
BRDA:64,11,1,2
BRDA:67,12,0,1
BRDA:67,12,1,1
BRDA:75,13,0,4
BRDA:75,13,1,31
BRDA:75,14,0,35
BRDA:75,14,1,20
BRDA:78,15,0,3
BRDA:78,15,1,28
BRDA:78,16,0,31
BRDA:78,16,1,15
BRDA:81,17,0,14
BRDA:81,17,1,14
BRDA:81,18,0,28
BRDA:81,18,1,14
BRDA:92,19,0,22
BRDA:92,19,1,13
BRDA:95,20,0,8
BRDA:95,20,1,5
BRDA:98,21,0,2
BRDA:98,21,1,3
BRDA:101,22,0,2
BRDA:101,22,1,1
BRDA:113,23,0,6
BRDA:113,23,1,20
BRDA:113,24,0,26
BRDA:113,24,1,24
BRDA:113,24,2,23
BRDA:120,25,0,7
BRDA:120,25,1,7
BRDA:121,26,0,6
BRDA:121,26,1,1
BRDA:132,27,0,3
BRDA:132,27,1,4
BRDA:133,28,0,2
BRDA:133,28,1,1
BRDA:143,29,0,2
BRDA:143,29,1,2
BRDA:144,30,0,1
BRDA:144,30,1,1
BRDA:155,31,0,1
BRDA:155,31,1,1
BRDA:172,32,0,1
BRDA:172,32,1,43
BRDA:176,33,0,26
BRDA:176,33,1,17
BRDA:181,34,0,1
BRDA:181,34,1,42
BRDA:185,35,0,23
BRDA:185,35,1,19
BRDA:192,36,0,9
BRDA:192,36,1,10
BRDA:194,37,0,4
BRDA:194,37,1,5
BRDA:205,38,0,5
BRDA:205,38,1,5
BRDA:226,39,0,1
BRDA:226,39,1,18
BRDA:231,40,0,1
BRDA:231,40,1,17
BRDA:237,41,0,3
BRDA:237,41,1,14
BRDA:238,42,0,1
BRDA:238,42,1,2
BRDA:241,43,0,1
BRDA:241,43,1,1
BRDA:248,44,0,3
BRDA:248,44,1,11
BRDA:249,45,0,1
BRDA:249,45,1,2
BRDA:252,46,0,1
BRDA:252,46,1,1
BRDA:259,47,0,1
BRDA:259,47,1,10
BRDA:265,48,0,2
BRDA:265,48,1,8
BRDA:266,49,0,1
BRDA:266,49,1,1
BRDA:274,50,0,3
BRDA:274,50,1,5
BRDA:275,51,0,1
BRDA:275,51,1,2
BRDA:278,52,0,1
BRDA:278,52,1,1
BRDA:286,53,0,2
BRDA:286,53,1,3
BRDA:287,54,0,1
BRDA:287,54,1,1
BRDA:296,55,0,1
BRDA:296,55,1,2
BRDA:299,56,0,1
BRDA:299,56,1,1
BRDA:315,57,0,3
BRDA:315,57,1,33
BRDA:317,58,0,2
BRDA:317,58,1,1
BRDA:321,59,0,20
BRDA:321,59,1,14
BRDA:323,60,0,6
BRDA:323,60,1,14
BRF:128
BRH:128
end_of_record
